0 info it worked if it ends with ok
1 verbose cli [ '/Users/sceendy/.nvm/versions/node/v6.11.5/bin/node',
1 verbose cli   '/Users/sceendy/.nvm/versions/node/v6.11.5/bin/npm',
1 verbose cli   'install',
1 verbose cli   '6.14.0' ]
2 info using npm@3.10.10
3 info using node@v6.11.5
4 silly loadCurrentTree Starting
5 silly install loadCurrentTree
6 silly install readLocalPackageData
7 silly fetchPackageMetaData 6.14.0
8 silly fetchNamedPackageData 6.14.0
9 silly mapToRegistry name 6.14.0
10 silly mapToRegistry using default registry
11 silly mapToRegistry registry https://registry.npmjs.org/
12 silly mapToRegistry data Result {
12 silly mapToRegistry   raw: '6.14.0',
12 silly mapToRegistry   scope: null,
12 silly mapToRegistry   escapedName: '6.14.0',
12 silly mapToRegistry   name: '6.14.0',
12 silly mapToRegistry   rawSpec: '',
12 silly mapToRegistry   spec: 'latest',
12 silly mapToRegistry   type: 'tag' }
13 silly mapToRegistry uri https://registry.npmjs.org/6.14.0
14 verbose request uri https://registry.npmjs.org/6.14.0
15 verbose request no auth needed
16 info attempt registry request try #1 at 4:48:36 PM
17 verbose request id eb869918fdf67a0e
18 http request GET https://registry.npmjs.org/6.14.0
19 http 404 https://registry.npmjs.org/6.14.0
20 verbose headers { date: 'Tue, 12 Mar 2019 21:48:36 GMT',
20 verbose headers   'content-type': 'application/json',
20 verbose headers   'content-length': '21',
20 verbose headers   connection: 'keep-alive',
20 verbose headers   'set-cookie': [ '__cfduid=d25246fb27ea22618e353c04f2eabb0dd1552427315; expires=Wed, 11-Mar-20 21:48:35 GMT; path=/; domain=.registry.npmjs.org; HttpOnly' ],
20 verbose headers   'cf-cache-status': 'MISS',
20 verbose headers   'cache-control': 'max-age=300',
20 verbose headers   'cf-ray': '4b68f92469d5582b-DFW',
20 verbose headers   'expect-ct': 'max-age=604800, report-uri="https://report-uri.cloudflare.com/cdn-cgi/beacon/expect-ct"',
20 verbose headers   vary: 'accept-encoding, accept',
20 verbose headers   server: 'cloudflare' }
21 silly get cb [ 404,
21 silly get   { date: 'Tue, 12 Mar 2019 21:48:36 GMT',
21 silly get     'content-type': 'application/json',
21 silly get     'content-length': '21',
21 silly get     connection: 'keep-alive',
21 silly get     'set-cookie': [ '__cfduid=d25246fb27ea22618e353c04f2eabb0dd1552427315; expires=Wed, 11-Mar-20 21:48:35 GMT; path=/; domain=.registry.npmjs.org; HttpOnly' ],
21 silly get     'cf-cache-status': 'MISS',
21 silly get     'cache-control': 'max-age=300',
21 silly get     'cf-ray': '4b68f92469d5582b-DFW',
21 silly get     'expect-ct': 'max-age=604800, report-uri="https://report-uri.cloudflare.com/cdn-cgi/beacon/expect-ct"',
21 silly get     vary: 'accept-encoding, accept',
21 silly get     server: 'cloudflare' } ]
22 silly fetchPackageMetaData Error: Not found : 6.14.0
22 silly fetchPackageMetaData     at makeError (/Users/sceendy/.nvm/versions/node/v6.11.5/lib/node_modules/npm/node_modules/npm-registry-client/lib/request.js:302:12)
22 silly fetchPackageMetaData     at CachingRegistryClient.<anonymous> (/Users/sceendy/.nvm/versions/node/v6.11.5/lib/node_modules/npm/node_modules/npm-registry-client/lib/request.js:290:14)
22 silly fetchPackageMetaData     at Request._callback (/Users/sceendy/.nvm/versions/node/v6.11.5/lib/node_modules/npm/node_modules/npm-registry-client/lib/request.js:210:14)
22 silly fetchPackageMetaData     at Request.self.callback (/Users/sceendy/.nvm/versions/node/v6.11.5/lib/node_modules/npm/node_modules/request/request.js:187:22)
22 silly fetchPackageMetaData     at emitTwo (events.js:106:13)
22 silly fetchPackageMetaData     at Request.emit (events.js:191:7)
22 silly fetchPackageMetaData     at Request.<anonymous> (/Users/sceendy/.nvm/versions/node/v6.11.5/lib/node_modules/npm/node_modules/request/request.js:1048:10)
22 silly fetchPackageMetaData     at emitOne (events.js:96:13)
22 silly fetchPackageMetaData     at Request.emit (events.js:188:7)
22 silly fetchPackageMetaData     at IncomingMessage.<anonymous> (/Users/sceendy/.nvm/versions/node/v6.11.5/lib/node_modules/npm/node_modules/request/request.js:969:12)
22 silly fetchPackageMetaData  error for 6.14.0 { Error: Not found : 6.14.0
22 silly fetchPackageMetaData     at makeError (/Users/sceendy/.nvm/versions/node/v6.11.5/lib/node_modules/npm/node_modules/npm-registry-client/lib/request.js:302:12)
22 silly fetchPackageMetaData     at CachingRegistryClient.<anonymous> (/Users/sceendy/.nvm/versions/node/v6.11.5/lib/node_modules/npm/node_modules/npm-registry-client/lib/request.js:290:14)
22 silly fetchPackageMetaData     at Request._callback (/Users/sceendy/.nvm/versions/node/v6.11.5/lib/node_modules/npm/node_modules/npm-registry-client/lib/request.js:210:14)
22 silly fetchPackageMetaData     at Request.self.callback (/Users/sceendy/.nvm/versions/node/v6.11.5/lib/node_modules/npm/node_modules/request/request.js:187:22)
22 silly fetchPackageMetaData     at emitTwo (events.js:106:13)
22 silly fetchPackageMetaData     at Request.emit (events.js:191:7)
22 silly fetchPackageMetaData     at Request.<anonymous> (/Users/sceendy/.nvm/versions/node/v6.11.5/lib/node_modules/npm/node_modules/request/request.js:1048:10)
22 silly fetchPackageMetaData     at emitOne (events.js:96:13)
22 silly fetchPackageMetaData     at Request.emit (events.js:188:7)
22 silly fetchPackageMetaData     at IncomingMessage.<anonymous> (/Users/sceendy/.nvm/versions/node/v6.11.5/lib/node_modules/npm/node_modules/request/request.js:969:12) pkgid: '6.14.0', statusCode: 404, code: 'E404' }
23 silly rollbackFailedOptional Starting
24 silly rollbackFailedOptional Finishing
25 silly runTopLevelLifecycles Finishing
26 silly install printInstalled
27 verbose stack Error: Not found : 6.14.0
27 verbose stack     at makeError (/Users/sceendy/.nvm/versions/node/v6.11.5/lib/node_modules/npm/node_modules/npm-registry-client/lib/request.js:302:12)
27 verbose stack     at CachingRegistryClient.<anonymous> (/Users/sceendy/.nvm/versions/node/v6.11.5/lib/node_modules/npm/node_modules/npm-registry-client/lib/request.js:290:14)
27 verbose stack     at Request._callback (/Users/sceendy/.nvm/versions/node/v6.11.5/lib/node_modules/npm/node_modules/npm-registry-client/lib/request.js:210:14)
27 verbose stack     at Request.self.callback (/Users/sceendy/.nvm/versions/node/v6.11.5/lib/node_modules/npm/node_modules/request/request.js:187:22)
27 verbose stack     at emitTwo (events.js:106:13)
27 verbose stack     at Request.emit (events.js:191:7)
27 verbose stack     at Request.<anonymous> (/Users/sceendy/.nvm/versions/node/v6.11.5/lib/node_modules/npm/node_modules/request/request.js:1048:10)
27 verbose stack     at emitOne (events.js:96:13)
27 verbose stack     at Request.emit (events.js:188:7)
27 verbose stack     at IncomingMessage.<anonymous> (/Users/sceendy/.nvm/versions/node/v6.11.5/lib/node_modules/npm/node_modules/request/request.js:969:12)
28 verbose statusCode 404
29 verbose pkgid 6.14.0
30 verbose cwd /Users/sceendy/Desktop/projects/sceendy.github.io
31 error Darwin 16.7.0
32 error argv "/Users/sceendy/.nvm/versions/node/v6.11.5/bin/node" "/Users/sceendy/.nvm/versions/node/v6.11.5/bin/npm" "install" "6.14.0"
33 error node v6.11.5
34 error npm  v3.10.10
35 error code E404
36 error 404 Not found : 6.14.0
37 error 404
38 error 404 '6.14.0' is not in the npm registry.
39 error 404 You should bug the author to publish it (or use the name yourself!)
40 error 404 Note that you can also install from a
41 error 404 tarball, folder, http url, or git url.
42 verbose exit [ 1, true ]
